<?xml version="1.0" encoding="UTF-8"?>
<!-- Generated by org.testng.reporters.JUnitReportReporter -->
<testsuite hostname="LAPTOP-MKT8NHU1" failures="0" tests="1" name="Tests.Test_3" time="37.905" errors="0" timestamp="2024-10-05T10:05:10 IST" skipped="0">
  <testcase classname="Tests.Test_3" name="Test_Scenario3" time="37.905"/>
  <system-out/>
</testsuite> <!-- Tests.Test_3 -->
