<?xml version="1.0" encoding="UTF-8"?>
<!-- Generated by org.testng.reporters.JUnitReportReporter -->
<testsuite hostname="LAPTOP-MKT8NHU1" failures="0" tests="6" name="Tests.Test_main" time="193.503" errors="0" timestamp="2025-01-01T20:38:13 IST" skipped="0">
  <testcase classname="Tests.Test_main" name="validateMessage" time="19.905"/>
  <system-out/>
  <testcase classname="Tests.Test_main" name="validateMessage" time="27.942"/>
  <system-out/>
  <testcase classname="Tests.Test_main" name="DragandDrop" time="17.030"/>
  <system-out/>
  <testcase classname="Tests.Test_main" name="DragandDrop" time="23.199"/>
  <system-out/>
  <testcase classname="Tests.Test_main" name="Test_Scenario3" time="49.839"/>
  <system-out/>
  <testcase classname="Tests.Test_main" name="Test_Scenario3" time="55.588"/>
  <system-out/>
</testsuite> <!-- Tests.Test_main -->
