<?xml version="1.0" encoding="UTF-8"?>
<!-- Generated by org.testng.reporters.JUnitReportReporter -->
<testsuite hostname="LAPTOP-MKT8NHU1" failures="0" tests="2" name="Tests.Test_Scenario_1" time="52.152" errors="0" timestamp="2025-01-01T20:47:11 IST" skipped="0">
  <testcase classname="Tests.Test_Scenario_1" name="validateMessage" time="30.023"/>
  <system-out/>
  <testcase classname="Tests.Test_Scenario_1" name="validateMessage" time="22.129"/>
  <system-out/>
</testsuite> <!-- Tests.Test_Scenario_1 -->
