<?xml version="1.0" encoding="UTF-8"?>
<!-- Generated by org.testng.reporters.JUnitReportReporter -->
<testsuite hostname="LAPTOP-MKT8NHU1" failures="0" tests="2" name="Tests.Test_Scenario_3" time="116.556" errors="0" timestamp="2025-01-01T20:50:06 IST" skipped="0">
  <testcase classname="Tests.Test_Scenario_3" name="Test_Scenario3" time="56.280"/>
  <system-out/>
  <testcase classname="Tests.Test_Scenario_3" name="Test_Scenario3" time="60.276"/>
  <system-out/>
</testsuite> <!-- Tests.Test_Scenario_3 -->
