<?xml version="1.0" encoding="UTF-8"?>
<!-- Generated by org.testng.reporters.JUnitReportReporter -->
<testsuite hostname="LAPTOP-MKT8NHU1" failures="0" tests="1" name="Tests.Test_1" time="8.300" errors="0" timestamp="2024-10-05T10:02:52 IST" skipped="0">
  <testcase classname="Tests.Test_1" name="DragandDrop" time="8.300"/>
  <system-out/>
</testsuite> <!-- Tests.Test_1 -->
