<?xml version="1.0" encoding="UTF-8"?>
<!-- Generated by org.testng.reporters.JUnitReportReporter -->
<testsuite hostname="LAPTOP-MKT8NHU1" failures="0" tests="1" name="Tests.JavaTodo" time="1.095" errors="0" timestamp="2024-10-05T12:43:47 IST" skipped="0">
  <testcase classname="Tests.JavaTodo" name="test" time="1.095"/>
  <system-out/>
</testsuite> <!-- Tests.JavaTodo -->
