<?xml version="1.0" encoding="UTF-8"?>
<!-- Generated by org.testng.reporters.JUnitReportReporter -->
<testsuite hostname="LAPTOP-MKT8NHU1" failures="0" tests="2" name="Tests.Test_Scenario_2" time="38.359" errors="0" timestamp="2025-01-01T20:51:10 IST" skipped="0">
  <testcase classname="Tests.Test_Scenario_2" name="DragandDrop" time="20.201"/>
  <system-out/>
  <testcase classname="Tests.Test_Scenario_2" name="DragandDrop" time="18.158"/>
  <system-out/>
</testsuite> <!-- Tests.Test_Scenario_2 -->
